<?xml version="1.0" encoding="UTF-8"?>
<!-- Generated by org.testng.reporters.JUnitReportReporter -->
<testsuite hostname="LAPTOP-FJVUST8L" failures="0" tests="7" name="com.aadhar.MAadharAppApplicationTestsCode" time="233.530" errors="0" timestamp="2022-10-13T22:58:32 IST" skipped="0">
  <testcase classname="com.aadhar.MAadharAppApplicationTestsCode" name="testing" time="24.525"/>
  <system-out/>
  <testcase classname="com.aadhar.MAadharAppApplicationTestsCode" name="signup" time="77.453"/>
  <system-out/>
  <testcase classname="com.aadhar.MAadharAppApplicationTestsCode" name="signin" time="41.581"/>
  <system-out/>
  <testcase classname="com.aadhar.MAadharAppApplicationTestsCode" name="adminhome" time="26.003"/>
  <system-out/>
  <testcase classname="com.aadhar.MAadharAppApplicationTestsCode" name="userhome" time="18.892"/>
  <system-out/>
  <testcase classname="com.aadhar.MAadharAppApplicationTestsCode" name="loadusers" time="20.074"/>
  <system-out/>
  <testcase classname="com.aadhar.MAadharAppApplicationTestsCode" name="approve" time="25.002"/>
  <system-out/>
</testsuite> <!-- com.aadhar.MAadharAppApplicationTestsCode -->
